<?xml version="1.0" encoding="UTF-8"?>
<!-- Generated by org.testng.reporters.JUnitReportReporter -->
<testsuite hostname="DESKTOP-TBTLB0C" failures="0" tests="1" name="JenkinsDemo.JenkinsDemo.GoogleTest" time="15.243" errors="0" timestamp="2021-09-25T13:57:41 IST" skipped="0">
  <testcase classname="JenkinsDemo.JenkinsDemo.GoogleTest" name="googleTest" time="15.243"/>
  <system-out/>
</testsuite> <!-- JenkinsDemo.JenkinsDemo.GoogleTest -->
